[	04-01-2020 16:43:42	] [KICK ACTION] Player: BattleGamer has kicked: [KILLER] TAU for: You have been kicked. Reason: VDM Be Careful Next Time.
[	21-01-2020 09:05:30	] [BAN ACTION] A new ban record has been added. Player: 'K A Z E' was banned by 'VagatronX Gaming' for 'Banned by staff.' until '1/1/3000 12:00:00 AM'.
[	23-01-2020 14:34:24	] [BAN ACTION] A new ban record has been added. Player: 'Megatron 2.0' was banned by 'ROMI' for 'fuck offf bc' until '1/1/3000 12:00:00 AM'.
[	28-01-2020 21:14:19	] [BAN ACTION] A new ban record has been added. Player: 'shubana' was banned by 'ROMI' for 'FUCK OFFFF bc' until '1/1/3000 12:00:00 AM'.
[	01-02-2020 18:33:51	] [KICK ACTION] Player: ROMI has kicked: tahasidd05 for: You have been kicked. Reason: fail rp.
[	08-02-2020 14:29:24	] [BAN ACTION] A new ban record has been added. Player: 'SunaiB' was banned by 'ROMI' for 'Dont dare to use hack here ' until '1/1/3000 12:00:00 AM'.
[	10-02-2020 19:46:54	] [KICK ACTION] Player: VagatronX Gaming has kicked: dani gaming for: You have been kicked. Reason: stop using menu.
[	10-02-2020 21:22:57	] [BAN ACTION] A new ban record has been added. Player: 'TeenTitanVarun' was banned by 'VagatronX Gaming' for 'Banned by staff.' until '1/1/3000 12:00:00 AM'.
[	11-02-2020 07:03:27	] [KICK ACTION] Player: Eric has kicked: Saviour for: You have been kicked. Reason: fuck off ass hole..
[	11-02-2020 20:32:11	] [KICK ACTION] Player: TAU has kicked: Rizwan for: You have been kicked. Reason: pehli fursat mai nikal.
[	22-02-2020 10:18:17	] [KICK ACTION] Player: BattleGamer has kicked: Jhonny sins for: You have been kicked. Reason: LUN ADMI.
[	23-02-2020 12:50:48	] [BAN ACTION] A new ban record has been added. Player: 'uncle majboor' was banned by 'ROMI' for 'Banned by staff.' until '1/1/3000 12:00:00 AM'.
[	23-02-2020 13:00:26	] [BAN ACTION] The following ban record has been removed (player unbanned). [Player: uncle majboor was banned by ROMI for Banned by staff. until 1/1/3000 12:00:00 AM.]
[	27-02-2020 04:41:58	] [KICK ACTION] Player: Tau has kicked: PlaCeR GamInG for: You have been kicked. Reason: relog.
[	29-02-2020 11:35:42	] [BAN ACTION] A new ban record has been added. Player: 'InvalidPlayerName' was banned by 'Rizwan' for 'Banned by Rizwan.' until '1/1/3000 12:00:00 AM'.
[	29-02-2020 11:37:09	] [BAN ACTION] The following ban record has been removed (player unbanned). [Player: InvalidPlayerName was banned by Rizwan for Banned by Rizwan. until 1/1/3000 12:00:00 AM.]
[	29-02-2020 11:37:12	] [BAN ACTION] The following ban record has been removed (player unbanned). [Player: InvalidPlayerName was banned by Rizwan for Banned by Rizwan. until 1/1/3000 12:00:00 AM.]
[	29-02-2020 11:37:16	] [BAN ACTION] The following ban record has been removed (player unbanned). [Player: InvalidPlayerName was banned by Rizwan for Banned by Rizwan. until 1/1/3000 12:00:00 AM.]
[	29-02-2020 11:37:22	] [BAN ACTION] The following ban record has been removed (player unbanned). [Player: InvalidPlayerName was banned by Rizwan for Banned by Rizwan. until 1/1/3000 12:00:00 AM.]
[	29-02-2020 11:37:26	] [BAN ACTION] The following ban record has been removed (player unbanned). [Player: InvalidPlayerName was banned by Rizwan for Banned by Rizwan. until 1/1/3000 12:00:00 AM.]
[	29-02-2020 11:37:34	] [BAN ACTION] The following ban record has been removed (player unbanned). [Player: InvalidPlayerName was banned by Rizwan for Banned by Rizwan. until 1/1/3000 12:00:00 AM.]
[	29-02-2020 11:40:31	] [BAN ACTION] The following ban record has been removed (player unbanned). [Player: InvalidPlayerName was banned by Rizwan for Banned by Rizwan. until 1/1/3000 12:00:00 AM.]
[	29-02-2020 12:49:04	] [BAN ACTION] The following ban record has been removed (player unbanned). [Player: InvalidPlayerName was banned by Rizwan for Banned by Rizwan. until 1/1/3000 12:00:00 AM.]
[	29-02-2020 12:53:47	] [BAN ACTION] The following ban record has been removed (player unbanned). [Player: InvalidPlayerName was banned by Rizwan for Banned by Rizwan. until 1/1/3000 12:00:00 AM.]
[	29-02-2020 18:04:04	] [BAN ACTION] The following ban record has been removed (player unbanned). [Player: InvalidPlayerName was banned by Rizwan for Banned by Rizwan. until 1/1/3000 12:00:00 AM.]
[	04-03-2020 07:42:26	] [BAN ACTION] The following ban record has been removed (player unbanned). [Player: InvalidPlayerName was banned by Rizwan for Banned by Rizwan. until 1/1/3000 12:00:00 AM.]
[	06-03-2020 17:27:36	] [BAN ACTION] The following ban record has been removed (player unbanned). [Player: InvalidPlayerName was banned by Rizwan for Banned by Rizwan. until 1/1/3000 12:00:00 AM.]
[	06-03-2020 17:27:38	] [BAN ACTION] The following ban record has been removed (player unbanned). [Player: InvalidPlayerName was banned by Rizwan for Banned by Rizwan. until 1/1/3000 12:00:00 AM.]
[	06-03-2020 17:27:39	] [BAN ACTION] The following ban record has been removed (player unbanned). [Player: InvalidPlayerName was banned by Rizwan for Banned by Rizwan. until 1/1/3000 12:00:00 AM.]
[	06-03-2020 17:27:49	] [BAN ACTION] The following ban record has been removed (player unbanned). [Player: SunaiB was banned by ROMI for Dont dare to use hack here  until 1/1/3000 12:00:00 AM.]
[	07-03-2020 11:43:36	] [KICK ACTION] Player: Excaliber has kicked:  for: You have been kicked. Reason: RELOG .
